<?xml version="1.0" encoding="UTF-8"?>
<testsuite xmlns:xsi="http://www.w3.org/2001/XMLSchema-instance" xsi:noNamespaceSchemaLocation="https://maven.apache.org/surefire/maven-surefire-plugin/xsd/surefire-test-report.xsd" name="MainTests" time="1.852" tests="1" errors="0" skipped="0" failures="0">
  <properties>
    <property name="java.specification.version" value="18"/>
    <property name="sun.cpu.isalist" value="amd64"/>
    <property name="sun.jnu.encoding" value="Cp1252"/>
    <property name="java.class.path" value="C:\Users\Luiz Felipe Kraus\Documents\TCC\javaSynthesisTCC\target\test-classes;C:\Users\Luiz Felipe Kraus\Documents\TCC\javaSynthesisTCC\target\classes;C:\Users\Luiz Felipe Kraus\.m2\repository\com\github\javaparser\javaparser-symbol-solver-core\3.24.4\javaparser-symbol-solver-core-3.24.4.jar;C:\Users\Luiz Felipe Kraus\.m2\repository\com\github\javaparser\javaparser-core\3.24.4\javaparser-core-3.24.4.jar;C:\Users\Luiz Felipe Kraus\.m2\repository\org\javassist\javassist\3.29.0-GA\javassist-3.29.0-GA.jar;C:\Users\Luiz Felipe Kraus\.m2\repository\com\google\guava\guava\31.1-jre\guava-31.1-jre.jar;C:\Users\Luiz Felipe Kraus\.m2\repository\com\google\guava\failureaccess\1.0.1\failureaccess-1.0.1.jar;C:\Users\Luiz Felipe Kraus\.m2\repository\com\google\guava\listenablefuture\9999.0-empty-to-avoid-conflict-with-guava\listenablefuture-9999.0-empty-to-avoid-conflict-with-guava.jar;C:\Users\Luiz Felipe Kraus\.m2\repository\com\google\code\findbugs\jsr305\3.0.2\jsr305-3.0.2.jar;C:\Users\Luiz Felipe Kraus\.m2\repository\org\checkerframework\checker-qual\3.12.0\checker-qual-3.12.0.jar;C:\Users\Luiz Felipe Kraus\.m2\repository\com\google\errorprone\error_prone_annotations\2.11.0\error_prone_annotations-2.11.0.jar;C:\Users\Luiz Felipe Kraus\.m2\repository\com\google\j2objc\j2objc-annotations\1.3\j2objc-annotations-1.3.jar;C:\Users\Luiz Felipe Kraus\.m2\repository\net\jqwik\jqwik\1.3.5\jqwik-1.3.5.jar;C:\Users\Luiz Felipe Kraus\.m2\repository\org\apiguardian\apiguardian-api\1.1.0\apiguardian-api-1.1.0.jar;C:\Users\Luiz Felipe Kraus\.m2\repository\net\jqwik\jqwik-api\1.3.5\jqwik-api-1.3.5.jar;C:\Users\Luiz Felipe Kraus\.m2\repository\org\opentest4j\opentest4j\1.2.0\opentest4j-1.2.0.jar;C:\Users\Luiz Felipe Kraus\.m2\repository\org\junit\platform\junit-platform-commons\1.6.2\junit-platform-commons-1.6.2.jar;C:\Users\Luiz Felipe Kraus\.m2\repository\net\jqwik\jqwik-engine\1.3.5\jqwik-engine-1.3.5.jar;C:\Users\Luiz Felipe Kraus\.m2\repository\org\junit\platform\junit-platform-engine\1.6.2\junit-platform-engine-1.6.2.jar;C:\Users\Luiz Felipe Kraus\.m2\repository\org\assertj\assertj-core\3.17.2\assertj-core-3.17.2.jar;C:\Users\Luiz Felipe Kraus\.m2\repository\junit\junit\4.12\junit-4.12.jar;C:\Users\Luiz Felipe Kraus\.m2\repository\org\hamcrest\hamcrest-core\1.3\hamcrest-core-1.3.jar;"/>
    <property name="java.vm.vendor" value="Oracle Corporation"/>
    <property name="sun.arch.data.model" value="64"/>
    <property name="user.variant" value=""/>
    <property name="java.vendor.url" value="https://java.oracle.com/"/>
    <property name="user.timezone" value="America/Sao_Paulo"/>
    <property name="os.name" value="Windows 10"/>
    <property name="java.vm.specification.version" value="18"/>
    <property name="user.country" value="BR"/>
    <property name="sun.java.launcher" value="SUN_STANDARD"/>
    <property name="sun.boot.library.path" value="C:\Program Files\Java\jdk-18.0.1.1\bin"/>
    <property name="sun.java.command" value="C:\Users\LUIZFE~1\AppData\Local\Temp\surefire14162332161572389347\surefirebooter12309542806966359315.jar C:\Users\Luiz Felipe Kraus\AppData\Local\Temp\surefire14162332161572389347 2022-09-02T19-08-27_250-jvmRun1 surefire5790115678337599859tmp surefire_011541864902457563979tmp"/>
    <property name="jdk.debug" value="release"/>
    <property name="surefire.test.class.path" value="C:\Users\Luiz Felipe Kraus\Documents\TCC\javaSynthesisTCC\target\test-classes;C:\Users\Luiz Felipe Kraus\Documents\TCC\javaSynthesisTCC\target\classes;C:\Users\Luiz Felipe Kraus\.m2\repository\com\github\javaparser\javaparser-symbol-solver-core\3.24.4\javaparser-symbol-solver-core-3.24.4.jar;C:\Users\Luiz Felipe Kraus\.m2\repository\com\github\javaparser\javaparser-core\3.24.4\javaparser-core-3.24.4.jar;C:\Users\Luiz Felipe Kraus\.m2\repository\org\javassist\javassist\3.29.0-GA\javassist-3.29.0-GA.jar;C:\Users\Luiz Felipe Kraus\.m2\repository\com\google\guava\guava\31.1-jre\guava-31.1-jre.jar;C:\Users\Luiz Felipe Kraus\.m2\repository\com\google\guava\failureaccess\1.0.1\failureaccess-1.0.1.jar;C:\Users\Luiz Felipe Kraus\.m2\repository\com\google\guava\listenablefuture\9999.0-empty-to-avoid-conflict-with-guava\listenablefuture-9999.0-empty-to-avoid-conflict-with-guava.jar;C:\Users\Luiz Felipe Kraus\.m2\repository\com\google\code\findbugs\jsr305\3.0.2\jsr305-3.0.2.jar;C:\Users\Luiz Felipe Kraus\.m2\repository\org\checkerframework\checker-qual\3.12.0\checker-qual-3.12.0.jar;C:\Users\Luiz Felipe Kraus\.m2\repository\com\google\errorprone\error_prone_annotations\2.11.0\error_prone_annotations-2.11.0.jar;C:\Users\Luiz Felipe Kraus\.m2\repository\com\google\j2objc\j2objc-annotations\1.3\j2objc-annotations-1.3.jar;C:\Users\Luiz Felipe Kraus\.m2\repository\net\jqwik\jqwik\1.3.5\jqwik-1.3.5.jar;C:\Users\Luiz Felipe Kraus\.m2\repository\org\apiguardian\apiguardian-api\1.1.0\apiguardian-api-1.1.0.jar;C:\Users\Luiz Felipe Kraus\.m2\repository\net\jqwik\jqwik-api\1.3.5\jqwik-api-1.3.5.jar;C:\Users\Luiz Felipe Kraus\.m2\repository\org\opentest4j\opentest4j\1.2.0\opentest4j-1.2.0.jar;C:\Users\Luiz Felipe Kraus\.m2\repository\org\junit\platform\junit-platform-commons\1.6.2\junit-platform-commons-1.6.2.jar;C:\Users\Luiz Felipe Kraus\.m2\repository\net\jqwik\jqwik-engine\1.3.5\jqwik-engine-1.3.5.jar;C:\Users\Luiz Felipe Kraus\.m2\repository\org\junit\platform\junit-platform-engine\1.6.2\junit-platform-engine-1.6.2.jar;C:\Users\Luiz Felipe Kraus\.m2\repository\org\assertj\assertj-core\3.17.2\assertj-core-3.17.2.jar;C:\Users\Luiz Felipe Kraus\.m2\repository\junit\junit\4.12\junit-4.12.jar;C:\Users\Luiz Felipe Kraus\.m2\repository\org\hamcrest\hamcrest-core\1.3\hamcrest-core-1.3.jar;"/>
    <property name="sun.cpu.endian" value="little"/>
    <property name="user.home" value="C:\Users\Luiz Felipe Kraus"/>
    <property name="user.language" value="pt"/>
    <property name="java.specification.vendor" value="Oracle Corporation"/>
    <property name="java.version.date" value="2022-04-22"/>
    <property name="java.home" value="C:\Program Files\Java\jdk-18.0.1.1"/>
    <property name="file.separator" value="\"/>
    <property name="basedir" value="C:\Users\Luiz Felipe Kraus\Documents\TCC\javaSynthesisTCC"/>
    <property name="java.vm.compressedOopsMode" value="32-bit"/>
    <property name="line.separator" value="&#10;"/>
    <property name="java.vm.specification.vendor" value="Oracle Corporation"/>
    <property name="java.specification.name" value="Java Platform API Specification"/>
    <property name="surefire.real.class.path" value="C:\Users\LUIZFE~1\AppData\Local\Temp\surefire14162332161572389347\surefirebooter12309542806966359315.jar"/>
    <property name="user.script" value=""/>
    <property name="sun.management.compiler" value="HotSpot 64-Bit Tiered Compilers"/>
    <property name="java.runtime.version" value="18.0.1.1+2-6"/>
    <property name="user.name" value="Luiz Felipe Kraus"/>
    <property name="path.separator" value=";"/>
    <property name="os.version" value="10.0"/>
    <property name="java.runtime.name" value="Java(TM) SE Runtime Environment"/>
    <property name="file.encoding" value="UTF-8"/>
    <property name="java.vm.name" value="Java HotSpot(TM) 64-Bit Server VM"/>
    <property name="maven.ext.class.path" value="C:\Program Files\NetBeans-13\netbeans\java\maven-nblib\netbeans-eventspy.jar"/>
    <property name="localRepository" value="C:\Users\Luiz Felipe Kraus\.m2\repository"/>
    <property name="java.vendor.url.bug" value="https://bugreport.java.com/bugreport/"/>
    <property name="java.io.tmpdir" value="C:\Users\LUIZFE~1\AppData\Local\Temp\"/>
    <property name="java.version" value="18.0.1.1"/>
    <property name="user.dir" value="C:\Users\Luiz Felipe Kraus\Documents\TCC\javaSynthesisTCC"/>
    <property name="os.arch" value="amd64"/>
    <property name="java.vm.specification.name" value="Java Virtual Machine Specification"/>
    <property name="sun.os.patch.level" value=""/>
    <property name="native.encoding" value="Cp1252"/>
    <property name="java.library.path" value="C:\Program Files\Java\jdk-18.0.1.1\bin;C:\windows\Sun\Java\bin;C:\windows\system32;C:\windows;C:\Program Files\Common Files\Oracle\Java\javapath;C:\windows\system32;C:\windows;C:\windows\System32\Wbem;C:\windows\System32\WindowsPowerShell\v1.0\;C:\windows\System32\OpenSSH\;C:\Program Files\Git\cmd;C:\Users\Luiz Felipe Kraus\AppData\Local\Programs\Python\Python310\Scripts\;C:\Users\Luiz Felipe Kraus\AppData\Local\Programs\Python\Python310\;C:\Users\Luiz Felipe Kraus\AppData\Local\Microsoft\WindowsApps;;C:\Users\Luiz Felipe Kraus\AppData\Local\Programs\Microsoft VS Code\bin;C:\Program Files (x86)\Sophos\Sophos SSL VPN Client\bin;."/>
    <property name="java.vm.info" value="mixed mode, sharing"/>
    <property name="java.vendor" value="Oracle Corporation"/>
    <property name="java.vm.version" value="18.0.1.1+2-6"/>
    <property name="sun.io.unicode.encoding" value="UnicodeLittle"/>
    <property name="java.class.version" value="62.0"/>
  </properties>
  <testcase name="checkGenBlockStmt" classname="br.edu.ifsc.javargtest.MainTests" time="1.242"/>
</testsuite>