<?xml version="1.0" encoding="UTF-8"?>
<testsuite xmlns:xsi="http://www.w3.org/2001/XMLSchema-instance" xsi:noNamespaceSchemaLocation="https://maven.apache.org/surefire/maven-surefire-plugin/xsd/surefire-test-report.xsd" name="MainTests" time="0.404" tests="2" errors="1" skipped="0" failures="0">
  <properties>
    <property name="sun.desktop" value="gnome"/>
    <property name="awt.toolkit" value="sun.awt.X11.XToolkit"/>
    <property name="java.specification.version" value="11"/>
    <property name="sun.cpu.isalist" value=""/>
    <property name="sun.jnu.encoding" value="UTF-8"/>
    <property name="java.class.path" value="/home/attory/Github/java-gen/target/test-classes:/home/attory/Github/java-gen/target/classes:/home/attory/.m2/repository/com/github/javaparser/javaparser-symbol-solver-core/3.24.8/javaparser-symbol-solver-core-3.24.8.jar:/home/attory/.m2/repository/com/github/javaparser/javaparser-core/3.24.8/javaparser-core-3.24.8.jar:/home/attory/.m2/repository/org/javassist/javassist/3.29.2-GA/javassist-3.29.2-GA.jar:/home/attory/.m2/repository/com/google/guava/guava/31.1-jre/guava-31.1-jre.jar:/home/attory/.m2/repository/com/google/guava/failureaccess/1.0.1/failureaccess-1.0.1.jar:/home/attory/.m2/repository/com/google/guava/listenablefuture/9999.0-empty-to-avoid-conflict-with-guava/listenablefuture-9999.0-empty-to-avoid-conflict-with-guava.jar:/home/attory/.m2/repository/com/google/code/findbugs/jsr305/3.0.2/jsr305-3.0.2.jar:/home/attory/.m2/repository/org/checkerframework/checker-qual/3.12.0/checker-qual-3.12.0.jar:/home/attory/.m2/repository/com/google/errorprone/error_prone_annotations/2.11.0/error_prone_annotations-2.11.0.jar:/home/attory/.m2/repository/com/google/j2objc/j2objc-annotations/1.3/j2objc-annotations-1.3.jar:/home/attory/.m2/repository/net/jqwik/jqwik/1.3.5/jqwik-1.3.5.jar:/home/attory/.m2/repository/org/apiguardian/apiguardian-api/1.1.0/apiguardian-api-1.1.0.jar:/home/attory/.m2/repository/net/jqwik/jqwik-api/1.3.5/jqwik-api-1.3.5.jar:/home/attory/.m2/repository/org/opentest4j/opentest4j/1.2.0/opentest4j-1.2.0.jar:/home/attory/.m2/repository/org/junit/platform/junit-platform-commons/1.6.2/junit-platform-commons-1.6.2.jar:/home/attory/.m2/repository/net/jqwik/jqwik-engine/1.3.5/jqwik-engine-1.3.5.jar:/home/attory/.m2/repository/org/junit/platform/junit-platform-engine/1.6.2/junit-platform-engine-1.6.2.jar:/home/attory/.m2/repository/org/assertj/assertj-core/3.17.2/assertj-core-3.17.2.jar:/home/attory/.m2/repository/junit/junit/4.12/junit-4.12.jar:/home/attory/.m2/repository/org/hamcrest/hamcrest-core/1.3/hamcrest-core-1.3.jar:"/>
    <property name="java.vm.vendor" value="Flathub"/>
    <property name="sun.arch.data.model" value="64"/>
    <property name="java.vendor.url" value="https://flathub.org"/>
    <property name="user.timezone" value="America/Sao_Paulo"/>
    <property name="user.country.format" value="BR"/>
    <property name="java.vm.specification.version" value="11"/>
    <property name="os.name" value="Linux"/>
    <property name="user.country" value="US"/>
    <property name="sun.java.launcher" value="SUN_STANDARD"/>
    <property name="sun.boot.library.path" value="/app/jdk/lib"/>
    <property name="sun.java.command" value="/home/attory/Github/java-gen/target/surefire/surefirebooter780573325534428423.jar /home/attory/Github/java-gen/target/surefire 2022-11-21T23-18-20_933-jvmRun1 surefire4378959978710054578tmp surefire_08911941487916331548tmp"/>
    <property name="jdk.debug" value="release"/>
    <property name="test" value="br.edu.ifsc.javargtest.MainTests"/>
    <property name="surefire.test.class.path" value="/home/attory/Github/java-gen/target/test-classes:/home/attory/Github/java-gen/target/classes:/home/attory/.m2/repository/com/github/javaparser/javaparser-symbol-solver-core/3.24.8/javaparser-symbol-solver-core-3.24.8.jar:/home/attory/.m2/repository/com/github/javaparser/javaparser-core/3.24.8/javaparser-core-3.24.8.jar:/home/attory/.m2/repository/org/javassist/javassist/3.29.2-GA/javassist-3.29.2-GA.jar:/home/attory/.m2/repository/com/google/guava/guava/31.1-jre/guava-31.1-jre.jar:/home/attory/.m2/repository/com/google/guava/failureaccess/1.0.1/failureaccess-1.0.1.jar:/home/attory/.m2/repository/com/google/guava/listenablefuture/9999.0-empty-to-avoid-conflict-with-guava/listenablefuture-9999.0-empty-to-avoid-conflict-with-guava.jar:/home/attory/.m2/repository/com/google/code/findbugs/jsr305/3.0.2/jsr305-3.0.2.jar:/home/attory/.m2/repository/org/checkerframework/checker-qual/3.12.0/checker-qual-3.12.0.jar:/home/attory/.m2/repository/com/google/errorprone/error_prone_annotations/2.11.0/error_prone_annotations-2.11.0.jar:/home/attory/.m2/repository/com/google/j2objc/j2objc-annotations/1.3/j2objc-annotations-1.3.jar:/home/attory/.m2/repository/net/jqwik/jqwik/1.3.5/jqwik-1.3.5.jar:/home/attory/.m2/repository/org/apiguardian/apiguardian-api/1.1.0/apiguardian-api-1.1.0.jar:/home/attory/.m2/repository/net/jqwik/jqwik-api/1.3.5/jqwik-api-1.3.5.jar:/home/attory/.m2/repository/org/opentest4j/opentest4j/1.2.0/opentest4j-1.2.0.jar:/home/attory/.m2/repository/org/junit/platform/junit-platform-commons/1.6.2/junit-platform-commons-1.6.2.jar:/home/attory/.m2/repository/net/jqwik/jqwik-engine/1.3.5/jqwik-engine-1.3.5.jar:/home/attory/.m2/repository/org/junit/platform/junit-platform-engine/1.6.2/junit-platform-engine-1.6.2.jar:/home/attory/.m2/repository/org/assertj/assertj-core/3.17.2/assertj-core-3.17.2.jar:/home/attory/.m2/repository/junit/junit/4.12/junit-4.12.jar:/home/attory/.m2/repository/org/hamcrest/hamcrest-core/1.3/hamcrest-core-1.3.jar:"/>
    <property name="sun.cpu.endian" value="little"/>
    <property name="user.home" value="/home/attory"/>
    <property name="user.language" value="en"/>
    <property name="java.specification.vendor" value="Oracle Corporation"/>
    <property name="java.version.date" value="2022-01-18"/>
    <property name="java.home" value="/app/jdk"/>
    <property name="file.separator" value="/"/>
    <property name="basedir" value="/home/attory/Github/java-gen"/>
    <property name="java.vm.compressedOopsMode" value="32-bit"/>
    <property name="line.separator" value="&#10;"/>
    <property name="java.specification.name" value="Java Platform API Specification"/>
    <property name="java.vm.specification.vendor" value="Oracle Corporation"/>
    <property name="java.awt.graphicsenv" value="sun.awt.X11GraphicsEnvironment"/>
    <property name="surefire.real.class.path" value="/home/attory/Github/java-gen/target/surefire/surefirebooter780573325534428423.jar"/>
    <property name="sun.management.compiler" value="HotSpot 64-Bit Tiered Compilers"/>
    <property name="java.runtime.version" value="11.0.14+8"/>
    <property name="user.name" value="attory"/>
    <property name="path.separator" value=":"/>
    <property name="os.version" value="5.15.0-53-generic"/>
    <property name="java.runtime.name" value="OpenJDK Runtime Environment"/>
    <property name="file.encoding" value="UTF-8"/>
    <property name="java.vm.name" value="OpenJDK 64-Bit Server VM"/>
    <property name="java.vendor.version" value="18.9"/>
    <property name="maven.ext.class.path" value="/app/netbeans/java/maven-nblib/netbeans-eventspy.jar"/>
    <property name="localRepository" value="/home/attory/.m2/repository"/>
    <property name="java.vendor.url.bug" value="https://bugreport.java.com/bugreport/"/>
    <property name="java.io.tmpdir" value="/tmp"/>
    <property name="java.version" value="11.0.14"/>
    <property name="user.dir" value="/home/attory/Github/java-gen"/>
    <property name="os.arch" value="amd64"/>
    <property name="java.vm.specification.name" value="Java Virtual Machine Specification"/>
    <property name="java.awt.printerjob" value="sun.print.PSPrinterJob"/>
    <property name="user.language.format" value="pt"/>
    <property name="sun.os.patch.level" value="unknown"/>
    <property name="java.library.path" value=":/usr/java/packages/lib:/usr/lib64:/lib64:/lib:/usr/lib"/>
    <property name="java.vm.info" value="mixed mode"/>
    <property name="java.vendor" value="Flathub"/>
    <property name="java.vm.version" value="11.0.14+8"/>
    <property name="sun.io.unicode.encoding" value="UnicodeLittle"/>
    <property name="java.class.version" value="55.0"/>
  </properties>
  <testcase name="checkGenCandidatesMethods" classname="br.edu.ifsc.javargtest.MainTests" time="0.111">
    <error message="empty set of values" type="net.jqwik.api.JqwikException">net.jqwik.api.JqwikException: empty set of values
	at br.edu.ifsc.javargtest.MainTests.checkGenCandidatesMethods(MainTests.java:268)
</error>
    <system-out><![CDATA[timestamp = 2022-11-21T23:18:22.249214, MainTests:checkGenCandidatesMethods = 
  net.jqwik.api.JqwikException:
    empty set of values

                              |-------------------jqwik-------------------
tries = 1                     | # of calls to property
checks = 1                    | # of not rejected calls
generation = RANDOMIZED       | parameters are randomly generated
after-failure = PREVIOUS_SEED | use the previous seed
edge-cases#mode = MIXIN       | edge cases are mixed in
edge-cases#total = 1          | # of all combined edge cases
edge-cases#tried = 0          | # of edge cases tried in current run
seed = -8313162383306353285   | random seed to reproduce generated values


]]></system-out>
  </testcase>
  <testcase name="teste vazio" classname="br.edu.ifsc.javargtest.MainTests" time="0.006"/>
</testsuite>