<?xml version="1.0" encoding="UTF-8"?>
<testsuite xmlns:xsi="http://www.w3.org/2001/XMLSchema-instance" xsi:noNamespaceSchemaLocation="https://maven.apache.org/surefire/maven-surefire-plugin/xsd/surefire-test-report.xsd" name="MainTests" time="0.256" tests="1" errors="0" skipped="0" failures="0">
  <properties>
    <property name="java.specification.version" value="17"/>
    <property name="sun.jnu.encoding" value="UTF-8"/>
    <property name="java.class.path" value="/home/aluno/Documentos/Github/java-gen/target/test-classes:/home/aluno/Documentos/Github/java-gen/target/classes:/home/aluno/.m2/repository/com/github/javaparser/javaparser-symbol-solver-core/3.24.7/javaparser-symbol-solver-core-3.24.7.jar:/home/aluno/.m2/repository/com/github/javaparser/javaparser-core/3.24.7/javaparser-core-3.24.7.jar:/home/aluno/.m2/repository/org/javassist/javassist/3.29.2-GA/javassist-3.29.2-GA.jar:/home/aluno/.m2/repository/com/google/guava/guava/31.1-jre/guava-31.1-jre.jar:/home/aluno/.m2/repository/com/google/guava/failureaccess/1.0.1/failureaccess-1.0.1.jar:/home/aluno/.m2/repository/com/google/guava/listenablefuture/9999.0-empty-to-avoid-conflict-with-guava/listenablefuture-9999.0-empty-to-avoid-conflict-with-guava.jar:/home/aluno/.m2/repository/com/google/code/findbugs/jsr305/3.0.2/jsr305-3.0.2.jar:/home/aluno/.m2/repository/org/checkerframework/checker-qual/3.12.0/checker-qual-3.12.0.jar:/home/aluno/.m2/repository/com/google/errorprone/error_prone_annotations/2.11.0/error_prone_annotations-2.11.0.jar:/home/aluno/.m2/repository/com/google/j2objc/j2objc-annotations/1.3/j2objc-annotations-1.3.jar:/home/aluno/.m2/repository/net/jqwik/jqwik/1.3.5/jqwik-1.3.5.jar:/home/aluno/.m2/repository/org/apiguardian/apiguardian-api/1.1.0/apiguardian-api-1.1.0.jar:/home/aluno/.m2/repository/net/jqwik/jqwik-api/1.3.5/jqwik-api-1.3.5.jar:/home/aluno/.m2/repository/org/opentest4j/opentest4j/1.2.0/opentest4j-1.2.0.jar:/home/aluno/.m2/repository/org/junit/platform/junit-platform-commons/1.6.2/junit-platform-commons-1.6.2.jar:/home/aluno/.m2/repository/net/jqwik/jqwik-engine/1.3.5/jqwik-engine-1.3.5.jar:/home/aluno/.m2/repository/org/junit/platform/junit-platform-engine/1.6.2/junit-platform-engine-1.6.2.jar:/home/aluno/.m2/repository/org/assertj/assertj-core/3.17.2/assertj-core-3.17.2.jar:/home/aluno/.m2/repository/junit/junit/4.12/junit-4.12.jar:/home/aluno/.m2/repository/org/hamcrest/hamcrest-core/1.3/hamcrest-core-1.3.jar:"/>
    <property name="java.vm.vendor" value="Oracle Corporation"/>
    <property name="sun.arch.data.model" value="64"/>
    <property name="java.vendor.url" value="https://java.oracle.com/"/>
    <property name="user.timezone" value="America/Sao_Paulo"/>
    <property name="os.name" value="Linux"/>
    <property name="java.vm.specification.version" value="17"/>
    <property name="sun.java.launcher" value="SUN_STANDARD"/>
    <property name="user.country" value="BR"/>
    <property name="sun.boot.library.path" value="/usr/lib/jvm/jdk-17/lib"/>
    <property name="sun.java.command" value="/home/aluno/Documentos/Github/java-gen/target/surefire/surefirebooter11025142091983656273.jar /home/aluno/Documentos/Github/java-gen/target/surefire 2022-11-08T16-30-55_526-jvmRun1 surefire3169249565453202770tmp surefire_08874064185495430090tmp"/>
    <property name="jdk.debug" value="release"/>
    <property name="test" value="br.edu.ifsc.javargtest.MainTests"/>
    <property name="surefire.test.class.path" value="/home/aluno/Documentos/Github/java-gen/target/test-classes:/home/aluno/Documentos/Github/java-gen/target/classes:/home/aluno/.m2/repository/com/github/javaparser/javaparser-symbol-solver-core/3.24.7/javaparser-symbol-solver-core-3.24.7.jar:/home/aluno/.m2/repository/com/github/javaparser/javaparser-core/3.24.7/javaparser-core-3.24.7.jar:/home/aluno/.m2/repository/org/javassist/javassist/3.29.2-GA/javassist-3.29.2-GA.jar:/home/aluno/.m2/repository/com/google/guava/guava/31.1-jre/guava-31.1-jre.jar:/home/aluno/.m2/repository/com/google/guava/failureaccess/1.0.1/failureaccess-1.0.1.jar:/home/aluno/.m2/repository/com/google/guava/listenablefuture/9999.0-empty-to-avoid-conflict-with-guava/listenablefuture-9999.0-empty-to-avoid-conflict-with-guava.jar:/home/aluno/.m2/repository/com/google/code/findbugs/jsr305/3.0.2/jsr305-3.0.2.jar:/home/aluno/.m2/repository/org/checkerframework/checker-qual/3.12.0/checker-qual-3.12.0.jar:/home/aluno/.m2/repository/com/google/errorprone/error_prone_annotations/2.11.0/error_prone_annotations-2.11.0.jar:/home/aluno/.m2/repository/com/google/j2objc/j2objc-annotations/1.3/j2objc-annotations-1.3.jar:/home/aluno/.m2/repository/net/jqwik/jqwik/1.3.5/jqwik-1.3.5.jar:/home/aluno/.m2/repository/org/apiguardian/apiguardian-api/1.1.0/apiguardian-api-1.1.0.jar:/home/aluno/.m2/repository/net/jqwik/jqwik-api/1.3.5/jqwik-api-1.3.5.jar:/home/aluno/.m2/repository/org/opentest4j/opentest4j/1.2.0/opentest4j-1.2.0.jar:/home/aluno/.m2/repository/org/junit/platform/junit-platform-commons/1.6.2/junit-platform-commons-1.6.2.jar:/home/aluno/.m2/repository/net/jqwik/jqwik-engine/1.3.5/jqwik-engine-1.3.5.jar:/home/aluno/.m2/repository/org/junit/platform/junit-platform-engine/1.6.2/junit-platform-engine-1.6.2.jar:/home/aluno/.m2/repository/org/assertj/assertj-core/3.17.2/assertj-core-3.17.2.jar:/home/aluno/.m2/repository/junit/junit/4.12/junit-4.12.jar:/home/aluno/.m2/repository/org/hamcrest/hamcrest-core/1.3/hamcrest-core-1.3.jar:"/>
    <property name="sun.cpu.endian" value="little"/>
    <property name="user.home" value="/home/aluno"/>
    <property name="user.language" value="pt"/>
    <property name="java.specification.vendor" value="Oracle Corporation"/>
    <property name="java.version.date" value="2022-08-18"/>
    <property name="java.home" value="/usr/lib/jvm/jdk-17"/>
    <property name="file.separator" value="/"/>
    <property name="basedir" value="/home/aluno/Documentos/Github/java-gen"/>
    <property name="java.vm.compressedOopsMode" value="32-bit"/>
    <property name="line.separator" value="&#10;"/>
    <property name="java.vm.specification.vendor" value="Oracle Corporation"/>
    <property name="java.specification.name" value="Java Platform API Specification"/>
    <property name="surefire.real.class.path" value="/home/aluno/Documentos/Github/java-gen/target/surefire/surefirebooter11025142091983656273.jar"/>
    <property name="sun.management.compiler" value="HotSpot 64-Bit Tiered Compilers"/>
    <property name="java.runtime.version" value="17.0.4.1+1-LTS-2"/>
    <property name="user.name" value="aluno"/>
    <property name="path.separator" value=":"/>
    <property name="os.version" value="5.15.0-47-generic"/>
    <property name="java.runtime.name" value="Java(TM) SE Runtime Environment"/>
    <property name="file.encoding" value="UTF-8"/>
    <property name="java.vm.name" value="Java HotSpot(TM) 64-Bit Server VM"/>
    <property name="maven.ext.class.path" value="/snap/netbeans/69/netbeans/java/maven-nblib/netbeans-eventspy.jar"/>
    <property name="localRepository" value="/home/aluno/.m2/repository"/>
    <property name="java.vendor.url.bug" value="https://bugreport.java.com/bugreport/"/>
    <property name="java.io.tmpdir" value="/tmp"/>
    <property name="java.version" value="17.0.4.1"/>
    <property name="user.dir" value="/home/aluno/Documentos/Github/java-gen"/>
    <property name="os.arch" value="amd64"/>
    <property name="java.vm.specification.name" value="Java Virtual Machine Specification"/>
    <property name="native.encoding" value="UTF-8"/>
    <property name="java.library.path" value="/usr/java/packages/lib:/usr/lib64:/lib64:/lib:/usr/lib"/>
    <property name="java.vm.info" value="mixed mode, sharing"/>
    <property name="java.vendor" value="Oracle Corporation"/>
    <property name="java.vm.version" value="17.0.4.1+1-LTS-2"/>
    <property name="sun.io.unicode.encoding" value="UnicodeLittle"/>
    <property name="java.class.version" value="61.0"/>
  </properties>
  <testcase name="checkGenLambdaExpr" classname="br.edu.ifsc.javargtest.MainTests" time="0.089"/>
</testsuite>